<acceptance-test-run title="Should be able to navigate to the motors category" name="shouldBeAbleToNavigateToTheMotorsCategory" steps="3" successful="1" failures="0" errors="1" skipped="1" ignored="0" pending="0" annotated-result="ERROR" result="ERROR" duration="11314" timestamp="2019-08-21T10:03:28.064+05:30" session-id="10c40909898dbcad1ceff9b190be4d8e">
  <user-story id="net.serenitybdd.tutorials.features.navigation.WhenBrowsingProductCategories" name="When browsing product categories" path="net.serenitybdd.tutorials.features.navigation"/>
  <tags>
    <tag name="Navigation" type="feature"/>
    <tag name="Navigation/When browsing product categories" type="story"/>
  </tags>
  <test-step result="SUCCESS" duration="6608">
    <screenshots>
      <screenshot image="50c3a3eee90a9c83355ca660e30055ed.png"/>
    </screenshots>
    <description>Is on the home page</description>
  </test-step>
  <test-step result="ERROR" duration="4569">
    <screenshots>
      <screenshot image="72762b4c656b87e1e7291f88d8fd5114.png" source="pagesource8412403766448090404.html.txt"/>
    </screenshots>
    <description>Navigates to category: &lt;span class=&apos;step-parameter&apos;&gt;Motors&lt;/span&gt;</description>
    <error>org.openqa.selenium.NoSuchElementException: no such element: Unable to locate element: {&quot;method&quot;:&quot;css selector&quot;,&quot;selector&quot;:&quot;*[role=navigation] *[role=list]&quot;}
  (Session info: chrome=76.0.3809.100)
  (Driver info: chromedriver=76.0.3809.68 (420c9498db8ce8fcd190a954d51297672c1515d5-refs/branch-heads/3809@{#864}),platform=Windows NT 10.0.17763 x86_64) (WARNING: The server did not provide any stacktrace information)
Command duration or timeout: 3.51 seconds
For documentation on this error, please visit: http://seleniumhq.org/exceptions/no_such_element.html
Build info: version: &apos;2.53.0&apos;, revision: &apos;35ae25b1534ae328c771e0856c93e187490ca824&apos;, time: &apos;2016-03-15 10:43:46&apos;
System info: host: &apos;PRIYARAT-PC&apos;, ip: &apos;10.136.30.214&apos;, os.name: &apos;Windows 10&apos;, os.arch: &apos;amd64&apos;, os.version: &apos;10.0&apos;, java.version: &apos;1.8.0_161&apos;
Driver info: org.openqa.selenium.chrome.ChromeDriver
Capabilities [{mobileEmulationEnabled=false, timeouts={implicit=0, pageLoad=300000, script=30000}, hasTouchScreen=false, platform=XP, acceptSslCerts=false, goog:chromeOptions={debuggerAddress=localhost:51411}, acceptInsecureCerts=false, webStorageEnabled=true, browserName=chrome, takesScreenshot=true, javascriptEnabled=true, setWindowRect=true, unexpectedAlertBehaviour=ignore, applicationCacheEnabled=false, rotatable=false, networkConnectionEnabled=false, chrome={chromedriverVersion=76.0.3809.68 (420c9498db8ce8fcd190a954d51297672c1515d5-refs/branch-heads/3809@{#864}), userDataDir=C:\Users\priyarat\AppData\Local\Temp\scoped_dir6180_91630521}, takesHeapSnapshot=true, pageLoadStrategy=normal, strictFileInteractability=false, databaseEnabled=false, handlesAlerts=true, version=76.0.3809.100, browserConnectionEnabled=false, proxy={}, nativeEvents=true, locationContextEnabled=true, cssSelectorsEnabled=true}]
Session ID: 10c40909898dbcad1ceff9b190be4d8e
*** Element info: {Using=css selector, value=*[role=navigation] *[role=list]}</error>
    <exception>org.openqa.selenium.NoSuchElementException:no such element: Unable to locate element: {&quot;method&quot;:&quot;css selector&quot;,&quot;selector&quot;:&quot;*[role=navigation] *[role=list]&quot;}
  (Session info: chrome=76.0.3809.100)
  (Driver info: chromedriver=76.0.3809.68 (420c9498db8ce8fcd190a954d51297672c1515d5-refs/branch-heads/3809@{#864}),platform=Windows NT 10.0.17763 x86_64) (WARNING: The server did not provide any stacktrace information)
Command duration or timeout: 3.51 seconds
For documentation on this error, please visit: http://seleniumhq.org/exceptions/no_such_element.html
Build info: version: &apos;2.53.0&apos;, revision: &apos;35ae25b1534ae328c771e0856c93e187490ca824&apos;, time: &apos;2016-03-15 10:43:46&apos;
System info: host: &apos;PRIYARAT-PC&apos;, ip: &apos;10.136.30.214&apos;, os.name: &apos;Windows 10&apos;, os.arch: &apos;amd64&apos;, os.version: &apos;10.0&apos;, java.version: &apos;1.8.0_161&apos;
Driver info: org.openqa.selenium.chrome.ChromeDriver
Capabilities [{mobileEmulationEnabled=false, timeouts={implicit=0, pageLoad=300000, script=30000}, hasTouchScreen=false, platform=XP, acceptSslCerts=false, goog:chromeOptions={debuggerAddress=localhost:51411}, acceptInsecureCerts=false, webStorageEnabled=true, browserName=chrome, takesScreenshot=true, javascriptEnabled=true, setWindowRect=true, unexpectedAlertBehaviour=ignore, applicationCacheEnabled=false, rotatable=false, networkConnectionEnabled=false, chrome={chromedriverVersion=76.0.3809.68 (420c9498db8ce8fcd190a954d51297672c1515d5-refs/branch-heads/3809@{#864}), userDataDir=C:\Users\priyarat\AppData\Local\Temp\scoped_dir6180_91630521}, takesHeapSnapshot=true, pageLoadStrategy=normal, strictFileInteractability=false, databaseEnabled=false, handlesAlerts=true, version=76.0.3809.100, browserConnectionEnabled=false, proxy={}, nativeEvents=true, locationContextEnabled=true, cssSelectorsEnabled=true}]
Session ID: 10c40909898dbcad1ceff9b190be4d8e
*** Element info: {Using=css selector, value=*[role=navigation] *[role=list]}&#xd;
[net.serenitybdd.tutorials.ui.CategoryNavigationBar.selectCategory(CategoryNavigationBar.java:9), net.serenitybdd.tutorials.steps.NavigatingUser.navigatesToCategory(NavigatingUser.java:28), net.serenitybdd.tutorials.features.navigation.WhenBrowsingProductCategories.shouldBeAbleToNavigateToTheMotorsCategory(WhenBrowsingProductCategories.java:31)]</exception>
  </test-step>
  <test-step result="SKIPPED" duration="1">
    <description>Should see page title containing: &lt;span class=&apos;step-parameter&apos;&gt;New &amp; Used Cars&lt;/span&gt;</description>
  </test-step>
</acceptance-test-run>